C51 COMPILER V9.01   INTERRUPTS                                                            04/30/2019 14:07:55 PAGE 1   


C51 COMPILER V9.01, COMPILATION OF MODULE INTERRUPTS
OBJECT MODULE PLACED IN Interrupts.OBJ
COMPILER INVOKED BY: C:\Keil\C51\BIN\C51.EXE Interrupts.c BROWSE DEBUG OBJECTEXTEND

line level    source

   1          #include <REGX52.H>
   2          #include "Test_pin.h"
   3          #include "InitDevice.h"
   4          #include "variables_globales.h"
   5          #include "moteur.h"
   6          #include "moteur_port.h"
   7          
   8          
   9          void INTERRUPT0 (void)   interrupt 1
  10          {       
  11   1              //TEST = !TEST;
  12   1              TL0= 0x68;
  13   1          TH0 = 0xC5;
  14   1              TF0 = 0;
  15   1              new_task=1;
  16   1      }
  17          
  18          void INTERRUPT2(void) interrupt 5
  19          {  
  20   1         TF2 = 0;                // co bao
  21   1         ChangePhase();
  22   1      }
  23          
  24          void INTERRUPT_UART(void) interrupt 4
  25          {  
  26   1         if(TI == 1){
  27   2           TI = 0;
  28   2               // gui lai la ok
  29   2      
  30   2         }
  31   1         else if(RI == 1){
  32   2           RI = 0;
  33   2               // nhan ve 1 so thap phan xong roi dieu khien timer 2 de dc 1/4 chu ki la x*100 us
  34   2               val = SBUF;
  35   2               
  36   2         }
  37   1      }


MODULE INFORMATION:   STATIC OVERLAYABLE
   CODE SIZE        =    103    ----
   CONSTANT SIZE    =   ----    ----
   XDATA SIZE       =   ----    ----
   PDATA SIZE       =   ----    ----
   DATA SIZE        =   ----    ----
   IDATA SIZE       =   ----    ----
   BIT SIZE         =   ----    ----
END OF MODULE INFORMATION.


C51 COMPILATION COMPLETE.  0 WARNING(S),  0 ERROR(S)
