C51 COMPILER V9.01   MOTEUR                                                                04/30/2019 14:07:55 PAGE 1   


C51 COMPILER V9.01, COMPILATION OF MODULE MOTEUR
OBJECT MODULE PLACED IN moteur.OBJ
COMPILER INVOKED BY: C:\Keil\C51\BIN\C51.EXE moteur.c BROWSE DEBUG OBJECTEXTEND

line level    source

   1          #include <REGX52.H>
   2          #include "moteur.h"
   3          #include "moteur_port.h"
   4          #include "variables_globales.h"
   5          #include "Test_pin.h"
   6          
   7          void InitMoteur(void){  // configurer le timer 2
   8   1      
   9   1      // co mot cai co, neu init roi thi khoi can init nua
  10   1      // cai dat Timer 2
  11   1      
  12   1              T2MOD = 0x00;
  13   1                        //    DCEN =0 et T2OE =0
  14   1              T2CON = 0x00;     // mode 2 -16bits auto reload
  15   1              RCAP2L =0x18;
  16   1              RCAP2H =0xFC;
  17   1      
  18   1              TR2 = 1;        // lancer timer2 = moteur tourne au demarrage du microcontroleur
  19   1              ET2=1;          //Timer 2 Interrupt Enable
  20   1      }
  21          
  22          void ChangePhase(void){
  23   1           switch(etat_phase) {
  24   2                      case 0: {
  25   3                              TEST =!TEST;
  26   3                              Phase1;
  27   3                              
  28   3                                      break;
  29   3                      }
  30   2      
  31   2                      case 1: {
  32   3                                      Phase2;
  33   3                                      break;
  34   3                      }
  35   2      
  36   2                      case 2: {
  37   3                                       Phase3;
  38   3                                      break;
  39   3                      }
  40   2      
  41   2                      case 3: {
  42   3                                       Phase4;
  43   3                                      break;
  44   3                      }
  45   2              }
  46   1      
  47   1              etat_phase++;
  48   1              if(etat_phase==4) etat_phase =0;
  49   1      }
  50          
  51          void demarage_arret_Moteur(void){
  52   1               TR2 = !TR2;
  53   1      }


C51 COMPILER V9.01   MOTEUR                                                                04/30/2019 14:07:55 PAGE 2   

MODULE INFORMATION:   STATIC OVERLAYABLE
   CODE SIZE        =     97    ----
   CONSTANT SIZE    =   ----    ----
   XDATA SIZE       =   ----    ----
   PDATA SIZE       =   ----    ----
   DATA SIZE        =   ----    ----
   IDATA SIZE       =   ----    ----
   BIT SIZE         =   ----    ----
END OF MODULE INFORMATION.


C51 COMPILATION COMPLETE.  0 WARNING(S),  0 ERROR(S)
